<?xml version="1.0" encoding="UTF-8"?>
<testsuite xmlns:xsi="http://www.w3.org/2001/XMLSchema-instance" xsi:noNamespaceSchemaLocation="https://maven.apache.org/surefire/maven-surefire-plugin/xsd/surefire-test-report-3.0.xsd" version="3.0" name="com.cloudera.processors.cef.MyProcessorTest" time="0.044" tests="1" errors="0" skipped="0" failures="0">
  <properties>
    <property name="java.specification.version" value="21"/>
    <property name="sun.jnu.encoding" value="UTF-8"/>
    <property name="java.class.path" value="/Users/mdinep/Documents/GitHub/nifi-cef-writer/nifi-cef-processors/target/test-classes:/Users/mdinep/Documents/GitHub/nifi-cef-writer/nifi-cef-processors/target/classes:/Users/mdinep/.m2/repository/org/apache/nifi/nifi-api/1.24.0/nifi-api-1.24.0.jar:/Users/mdinep/.m2/repository/org/apache/nifi/nifi-utils/1.24.0/nifi-utils-1.24.0.jar:/Users/mdinep/.m2/repository/org/apache/nifi/nifi-property-utils/1.24.0/nifi-property-utils-1.24.0.jar:/Users/mdinep/.m2/repository/jakarta/xml/bind/jakarta.xml.bind-api/2.3.3/jakarta.xml.bind-api-2.3.3.jar:/Users/mdinep/.m2/repository/jakarta/activation/jakarta.activation-api/1.2.2/jakarta.activation-api-1.2.2.jar:/Users/mdinep/.m2/repository/org/glassfish/jaxb/jaxb-runtime/2.3.8/jaxb-runtime-2.3.8.jar:/Users/mdinep/.m2/repository/org/glassfish/jaxb/txw2/2.3.8/txw2-2.3.8.jar:/Users/mdinep/.m2/repository/com/sun/istack/istack-commons-runtime/3.0.12/istack-commons-runtime-3.0.12.jar:/Users/mdinep/.m2/repository/com/sun/activation/jakarta.activation/1.2.2/jakarta.activation-1.2.2.jar:/Users/mdinep/.m2/repository/org/apache/nifi/nifi-mock/1.24.0/nifi-mock-1.24.0.jar:/Users/mdinep/.m2/repository/org/apache/nifi/nifi-framework-api/1.24.0/nifi-framework-api-1.24.0.jar:/Users/mdinep/.m2/repository/org/apache/nifi/nifi-parameter/1.24.0/nifi-parameter-1.24.0.jar:/Users/mdinep/.m2/repository/org/apache/nifi/nifi-framework-core-api/1.24.0/nifi-framework-core-api-1.24.0.jar:/Users/mdinep/.m2/repository/org/apache/nifi/nifi-framework-nar-utils/1.24.0/nifi-framework-nar-utils-1.24.0.jar:/Users/mdinep/.m2/repository/org/apache/nifi/nifi-runtime-manifest-core/1.24.0/nifi-runtime-manifest-core-1.24.0.jar:/Users/mdinep/.m2/repository/org/apache/nifi/nifi-extension-manifest-model/1.24.0/nifi-extension-manifest-model-1.24.0.jar:/Users/mdinep/.m2/repository/org/apache/nifi/nifi-extension-manifest-parser/1.24.0/nifi-extension-manifest-parser-1.24.0.jar:/Users/mdinep/.m2/repository/org/apache/nifi/nifi-client-dto/1.24.0/nifi-client-dto-1.24.0.jar:/Users/mdinep/.m2/repository/io/swagger/swagger-annotations/1.6.12/swagger-annotations-1.6.12.jar:/Users/mdinep/.m2/repository/org/apache/nifi/c2-protocol-component-api/1.24.0/c2-protocol-component-api-1.24.0.jar:/Users/mdinep/.m2/repository/org/apache/nifi/nifi-site-to-site-client/1.24.0/nifi-site-to-site-client-1.24.0.jar:/Users/mdinep/.m2/repository/org/apache/nifi/nifi-security-ssl/1.24.0/nifi-security-ssl-1.24.0.jar:/Users/mdinep/.m2/repository/org/apache/nifi/nifi-xml-processing/1.24.0/nifi-xml-processing-1.24.0.jar:/Users/mdinep/.m2/repository/org/apache/httpcomponents/client5/httpclient5/5.0-beta4/httpclient5-5.0-beta4.jar:/Users/mdinep/.m2/repository/org/apache/httpcomponents/core5/httpcore5/5.0-beta7/httpcore5-5.0-beta7.jar:/Users/mdinep/.m2/repository/org/apache/httpcomponents/core5/httpcore5-h2/5.0-beta7/httpcore5-h2-5.0-beta7.jar:/Users/mdinep/.m2/repository/org/apache/httpcomponents/httpasyncclient/4.1.5/httpasyncclient-4.1.5.jar:/Users/mdinep/.m2/repository/org/apache/httpcomponents/httpcore/4.4.16/httpcore-4.4.16.jar:/Users/mdinep/.m2/repository/org/apache/httpcomponents/httpcore-nio/4.4.15/httpcore-nio-4.4.15.jar:/Users/mdinep/.m2/repository/org/apache/httpcomponents/httpclient/4.5.14/httpclient-4.5.14.jar:/Users/mdinep/.m2/repository/javax/validation/validation-api/2.0.1.Final/validation-api-2.0.1.Final.jar:/Users/mdinep/.m2/repository/org/apache/commons/commons-lang3/3.13.0/commons-lang3-3.13.0.jar:/Users/mdinep/.m2/repository/org/apache/nifi/nifi-framework-authorization/1.24.0/nifi-framework-authorization-1.24.0.jar:/Users/mdinep/.m2/repository/org/apache/nifi/nifi-expression-language/1.24.0/nifi-expression-language-1.24.0.jar:/Users/mdinep/.m2/repository/org/antlr/antlr-runtime/3.5.3/antlr-runtime-3.5.3.jar:/Users/mdinep/.m2/repository/org/apache/nifi/nifi-uuid5/1.24.0/nifi-uuid5-1.24.0.jar:/Users/mdinep/.m2/repository/com/jayway/jsonpath/json-path/2.8.0/json-path-2.8.0.jar:/Users/mdinep/.m2/repository/net/minidev/json-smart/2.4.11/json-smart-2.4.11.jar:/Users/mdinep/.m2/repository/net/minidev/accessors-smart/2.4.11/accessors-smart-2.4.11.jar:/Users/mdinep/.m2/repository/org/ow2/asm/asm/9.3/asm-9.3.jar:/Users/mdinep/.m2/repository/com/fasterxml/jackson/core/jackson-databind/2.15.3/jackson-databind-2.15.3.jar:/Users/mdinep/.m2/repository/com/fasterxml/jackson/core/jackson-annotations/2.15.3/jackson-annotations-2.15.3.jar:/Users/mdinep/.m2/repository/com/fasterxml/jackson/core/jackson-core/2.15.3/jackson-core-2.15.3.jar:/Users/mdinep/.m2/repository/org/apache/commons/commons-text/1.11.0/commons-text-1.11.0.jar:/Users/mdinep/.m2/repository/commons-codec/commons-codec/1.16.0/commons-codec-1.16.0.jar:/Users/mdinep/.m2/repository/org/apache/nifi/nifi-data-provenance-utils/1.24.0/nifi-data-provenance-utils-1.24.0.jar:/Users/mdinep/.m2/repository/org/slf4j/slf4j-simple/2.0.9/slf4j-simple-2.0.9.jar:/Users/mdinep/.m2/repository/org/slf4j/slf4j-api/2.0.9/slf4j-api-2.0.9.jar:/Users/mdinep/.m2/repository/org/junit/jupiter/junit-jupiter-api/5.10.0/junit-jupiter-api-5.10.0.jar:/Users/mdinep/.m2/repository/org/opentest4j/opentest4j/1.3.0/opentest4j-1.3.0.jar:/Users/mdinep/.m2/repository/org/junit/platform/junit-platform-commons/1.10.0/junit-platform-commons-1.10.0.jar:/Users/mdinep/.m2/repository/org/apiguardian/apiguardian-api/1.1.2/apiguardian-api-1.1.2.jar:/Users/mdinep/.m2/repository/org/junit/jupiter/junit-jupiter-engine/5.10.0/junit-jupiter-engine-5.10.0.jar:/Users/mdinep/.m2/repository/org/junit/platform/junit-platform-engine/1.10.0/junit-platform-engine-1.10.0.jar:/Users/mdinep/.m2/repository/junit/junit/4.13.2/junit-4.13.2.jar:/Users/mdinep/.m2/repository/org/hamcrest/hamcrest-core/1.3/hamcrest-core-1.3.jar:/Users/mdinep/.m2/repository/org/junit/jupiter/junit-jupiter-params/5.10.0/junit-jupiter-params-5.10.0.jar:/Users/mdinep/.m2/repository/org/mockito/mockito-core/4.11.0/mockito-core-4.11.0.jar:/Users/mdinep/.m2/repository/net/bytebuddy/byte-buddy/1.12.19/byte-buddy-1.12.19.jar:/Users/mdinep/.m2/repository/net/bytebuddy/byte-buddy-agent/1.12.19/byte-buddy-agent-1.12.19.jar:/Users/mdinep/.m2/repository/org/objenesis/objenesis/3.3/objenesis-3.3.jar:/Users/mdinep/.m2/repository/org/mockito/mockito-junit-jupiter/4.11.0/mockito-junit-jupiter-4.11.0.jar:/Users/mdinep/.m2/repository/org/hamcrest/hamcrest-all/1.3/hamcrest-all-1.3.jar:"/>
    <property name="java.vm.vendor" value="Oracle Corporation"/>
    <property name="sun.arch.data.model" value="64"/>
    <property name="java.vendor.url" value="https://java.oracle.com/"/>
    <property name="os.name" value="Mac OS X"/>
    <property name="java.vm.specification.version" value="21"/>
    <property name="sun.java.launcher" value="SUN_STANDARD"/>
    <property name="user.country" value="US"/>
    <property name="sun.boot.library.path" value="/Library/Java/JavaVirtualMachines/jdk-21.jdk/Contents/Home/lib"/>
    <property name="sun.java.command" value="/Users/mdinep/Documents/GitHub/nifi-cef-writer/nifi-cef-processors/target/surefire/surefirebooter-20240221221021379_3.jar /Users/mdinep/Documents/GitHub/nifi-cef-writer/nifi-cef-processors/target/surefire 2024-02-21T22-10-21_353-jvmRun1 surefire-20240221221021379_1tmp surefire_0-20240221221021379_2tmp"/>
    <property name="http.nonProxyHosts" value="local|*.local|169.254/16|*.169.254/16"/>
    <property name="jdk.debug" value="release"/>
    <property name="surefire.test.class.path" value="/Users/mdinep/Documents/GitHub/nifi-cef-writer/nifi-cef-processors/target/test-classes:/Users/mdinep/Documents/GitHub/nifi-cef-writer/nifi-cef-processors/target/classes:/Users/mdinep/.m2/repository/org/apache/nifi/nifi-api/1.24.0/nifi-api-1.24.0.jar:/Users/mdinep/.m2/repository/org/apache/nifi/nifi-utils/1.24.0/nifi-utils-1.24.0.jar:/Users/mdinep/.m2/repository/org/apache/nifi/nifi-property-utils/1.24.0/nifi-property-utils-1.24.0.jar:/Users/mdinep/.m2/repository/jakarta/xml/bind/jakarta.xml.bind-api/2.3.3/jakarta.xml.bind-api-2.3.3.jar:/Users/mdinep/.m2/repository/jakarta/activation/jakarta.activation-api/1.2.2/jakarta.activation-api-1.2.2.jar:/Users/mdinep/.m2/repository/org/glassfish/jaxb/jaxb-runtime/2.3.8/jaxb-runtime-2.3.8.jar:/Users/mdinep/.m2/repository/org/glassfish/jaxb/txw2/2.3.8/txw2-2.3.8.jar:/Users/mdinep/.m2/repository/com/sun/istack/istack-commons-runtime/3.0.12/istack-commons-runtime-3.0.12.jar:/Users/mdinep/.m2/repository/com/sun/activation/jakarta.activation/1.2.2/jakarta.activation-1.2.2.jar:/Users/mdinep/.m2/repository/org/apache/nifi/nifi-mock/1.24.0/nifi-mock-1.24.0.jar:/Users/mdinep/.m2/repository/org/apache/nifi/nifi-framework-api/1.24.0/nifi-framework-api-1.24.0.jar:/Users/mdinep/.m2/repository/org/apache/nifi/nifi-parameter/1.24.0/nifi-parameter-1.24.0.jar:/Users/mdinep/.m2/repository/org/apache/nifi/nifi-framework-core-api/1.24.0/nifi-framework-core-api-1.24.0.jar:/Users/mdinep/.m2/repository/org/apache/nifi/nifi-framework-nar-utils/1.24.0/nifi-framework-nar-utils-1.24.0.jar:/Users/mdinep/.m2/repository/org/apache/nifi/nifi-runtime-manifest-core/1.24.0/nifi-runtime-manifest-core-1.24.0.jar:/Users/mdinep/.m2/repository/org/apache/nifi/nifi-extension-manifest-model/1.24.0/nifi-extension-manifest-model-1.24.0.jar:/Users/mdinep/.m2/repository/org/apache/nifi/nifi-extension-manifest-parser/1.24.0/nifi-extension-manifest-parser-1.24.0.jar:/Users/mdinep/.m2/repository/org/apache/nifi/nifi-client-dto/1.24.0/nifi-client-dto-1.24.0.jar:/Users/mdinep/.m2/repository/io/swagger/swagger-annotations/1.6.12/swagger-annotations-1.6.12.jar:/Users/mdinep/.m2/repository/org/apache/nifi/c2-protocol-component-api/1.24.0/c2-protocol-component-api-1.24.0.jar:/Users/mdinep/.m2/repository/org/apache/nifi/nifi-site-to-site-client/1.24.0/nifi-site-to-site-client-1.24.0.jar:/Users/mdinep/.m2/repository/org/apache/nifi/nifi-security-ssl/1.24.0/nifi-security-ssl-1.24.0.jar:/Users/mdinep/.m2/repository/org/apache/nifi/nifi-xml-processing/1.24.0/nifi-xml-processing-1.24.0.jar:/Users/mdinep/.m2/repository/org/apache/httpcomponents/client5/httpclient5/5.0-beta4/httpclient5-5.0-beta4.jar:/Users/mdinep/.m2/repository/org/apache/httpcomponents/core5/httpcore5/5.0-beta7/httpcore5-5.0-beta7.jar:/Users/mdinep/.m2/repository/org/apache/httpcomponents/core5/httpcore5-h2/5.0-beta7/httpcore5-h2-5.0-beta7.jar:/Users/mdinep/.m2/repository/org/apache/httpcomponents/httpasyncclient/4.1.5/httpasyncclient-4.1.5.jar:/Users/mdinep/.m2/repository/org/apache/httpcomponents/httpcore/4.4.16/httpcore-4.4.16.jar:/Users/mdinep/.m2/repository/org/apache/httpcomponents/httpcore-nio/4.4.15/httpcore-nio-4.4.15.jar:/Users/mdinep/.m2/repository/org/apache/httpcomponents/httpclient/4.5.14/httpclient-4.5.14.jar:/Users/mdinep/.m2/repository/javax/validation/validation-api/2.0.1.Final/validation-api-2.0.1.Final.jar:/Users/mdinep/.m2/repository/org/apache/commons/commons-lang3/3.13.0/commons-lang3-3.13.0.jar:/Users/mdinep/.m2/repository/org/apache/nifi/nifi-framework-authorization/1.24.0/nifi-framework-authorization-1.24.0.jar:/Users/mdinep/.m2/repository/org/apache/nifi/nifi-expression-language/1.24.0/nifi-expression-language-1.24.0.jar:/Users/mdinep/.m2/repository/org/antlr/antlr-runtime/3.5.3/antlr-runtime-3.5.3.jar:/Users/mdinep/.m2/repository/org/apache/nifi/nifi-uuid5/1.24.0/nifi-uuid5-1.24.0.jar:/Users/mdinep/.m2/repository/com/jayway/jsonpath/json-path/2.8.0/json-path-2.8.0.jar:/Users/mdinep/.m2/repository/net/minidev/json-smart/2.4.11/json-smart-2.4.11.jar:/Users/mdinep/.m2/repository/net/minidev/accessors-smart/2.4.11/accessors-smart-2.4.11.jar:/Users/mdinep/.m2/repository/org/ow2/asm/asm/9.3/asm-9.3.jar:/Users/mdinep/.m2/repository/com/fasterxml/jackson/core/jackson-databind/2.15.3/jackson-databind-2.15.3.jar:/Users/mdinep/.m2/repository/com/fasterxml/jackson/core/jackson-annotations/2.15.3/jackson-annotations-2.15.3.jar:/Users/mdinep/.m2/repository/com/fasterxml/jackson/core/jackson-core/2.15.3/jackson-core-2.15.3.jar:/Users/mdinep/.m2/repository/org/apache/commons/commons-text/1.11.0/commons-text-1.11.0.jar:/Users/mdinep/.m2/repository/commons-codec/commons-codec/1.16.0/commons-codec-1.16.0.jar:/Users/mdinep/.m2/repository/org/apache/nifi/nifi-data-provenance-utils/1.24.0/nifi-data-provenance-utils-1.24.0.jar:/Users/mdinep/.m2/repository/org/slf4j/slf4j-simple/2.0.9/slf4j-simple-2.0.9.jar:/Users/mdinep/.m2/repository/org/slf4j/slf4j-api/2.0.9/slf4j-api-2.0.9.jar:/Users/mdinep/.m2/repository/org/junit/jupiter/junit-jupiter-api/5.10.0/junit-jupiter-api-5.10.0.jar:/Users/mdinep/.m2/repository/org/opentest4j/opentest4j/1.3.0/opentest4j-1.3.0.jar:/Users/mdinep/.m2/repository/org/junit/platform/junit-platform-commons/1.10.0/junit-platform-commons-1.10.0.jar:/Users/mdinep/.m2/repository/org/apiguardian/apiguardian-api/1.1.2/apiguardian-api-1.1.2.jar:/Users/mdinep/.m2/repository/org/junit/jupiter/junit-jupiter-engine/5.10.0/junit-jupiter-engine-5.10.0.jar:/Users/mdinep/.m2/repository/org/junit/platform/junit-platform-engine/1.10.0/junit-platform-engine-1.10.0.jar:/Users/mdinep/.m2/repository/junit/junit/4.13.2/junit-4.13.2.jar:/Users/mdinep/.m2/repository/org/hamcrest/hamcrest-core/1.3/hamcrest-core-1.3.jar:/Users/mdinep/.m2/repository/org/junit/jupiter/junit-jupiter-params/5.10.0/junit-jupiter-params-5.10.0.jar:/Users/mdinep/.m2/repository/org/mockito/mockito-core/4.11.0/mockito-core-4.11.0.jar:/Users/mdinep/.m2/repository/net/bytebuddy/byte-buddy/1.12.19/byte-buddy-1.12.19.jar:/Users/mdinep/.m2/repository/net/bytebuddy/byte-buddy-agent/1.12.19/byte-buddy-agent-1.12.19.jar:/Users/mdinep/.m2/repository/org/objenesis/objenesis/3.3/objenesis-3.3.jar:/Users/mdinep/.m2/repository/org/mockito/mockito-junit-jupiter/4.11.0/mockito-junit-jupiter-4.11.0.jar:/Users/mdinep/.m2/repository/org/hamcrest/hamcrest-all/1.3/hamcrest-all-1.3.jar:"/>
    <property name="sun.cpu.endian" value="little"/>
    <property name="user.home" value="/Users/mdinep"/>
    <property name="user.language" value="en"/>
    <property name="java.specification.vendor" value="Oracle Corporation"/>
    <property name="java.version.date" value="2023-10-17"/>
    <property name="java.home" value="/Library/Java/JavaVirtualMachines/jdk-21.jdk/Contents/Home"/>
    <property name="file.separator" value="/"/>
    <property name="basedir" value="/Users/mdinep/Documents/GitHub/nifi-cef-writer/nifi-cef-processors"/>
    <property name="java.vm.compressedOopsMode" value="Zero based"/>
    <property name="line.separator" value="&#10;"/>
    <property name="java.vm.specification.vendor" value="Oracle Corporation"/>
    <property name="java.specification.name" value="Java Platform API Specification"/>
    <property name="java.awt.headless" value="true"/>
    <property name="apple.awt.application.name" value="ForkedBooter"/>
    <property name="surefire.real.class.path" value="/Users/mdinep/Documents/GitHub/nifi-cef-writer/nifi-cef-processors/target/surefire/surefirebooter-20240221221021379_3.jar"/>
    <property name="sun.management.compiler" value="HotSpot 64-Bit Tiered Compilers"/>
    <property name="ftp.nonProxyHosts" value="local|*.local|169.254/16|*.169.254/16"/>
    <property name="java.runtime.version" value="21.0.1+12-LTS-29"/>
    <property name="user.name" value="mdinep"/>
    <property name="stdout.encoding" value="UTF-8"/>
    <property name="path.separator" value=":"/>
    <property name="os.version" value="14.2.1"/>
    <property name="java.runtime.name" value="Java(TM) SE Runtime Environment"/>
    <property name="file.encoding" value="UTF-8"/>
    <property name="java.vm.name" value="Java HotSpot(TM) 64-Bit Server VM"/>
    <property name="localRepository" value="/Users/mdinep/.m2/repository"/>
    <property name="java.vendor.url.bug" value="https://bugreport.java.com/bugreport/"/>
    <property name="java.io.tmpdir" value="/var/folders/tx/qbhqcrnj601_n3s8rl6yb2br0000gn/T/"/>
    <property name="idea.version" value="2023.3.2"/>
    <property name="java.version" value="21.0.1"/>
    <property name="user.dir" value="/Users/mdinep/Documents/GitHub/nifi-cef-writer/nifi-cef-processors"/>
    <property name="os.arch" value="aarch64"/>
    <property name="java.vm.specification.name" value="Java Virtual Machine Specification"/>
    <property name="native.encoding" value="UTF-8"/>
    <property name="java.library.path" value="/Users/mdinep/Library/Java/Extensions:/Library/Java/Extensions:/Network/Library/Java/Extensions:/System/Library/Java/Extensions:/usr/lib/java:."/>
    <property name="java.vm.info" value="mixed mode, sharing"/>
    <property name="stderr.encoding" value="UTF-8"/>
    <property name="java.vendor" value="Oracle Corporation"/>
    <property name="java.vm.version" value="21.0.1+12-LTS-29"/>
    <property name="sun.io.unicode.encoding" value="UnicodeBig"/>
    <property name="socksNonProxyHosts" value="local|*.local|169.254/16|*.169.254/16"/>
    <property name="java.class.version" value="65.0"/>
  </properties>
  <testcase name="testProcessor" classname="com.cloudera.processors.cef.MyProcessorTest" time="0.038"/>
</testsuite>